<?xml version="1.0" encoding="UTF-8"?>
<!-- Generated by org.testng.reporters.JUnitReportReporter -->
<testsuite hostname="nb-sra" failures="0" tests="1" name="BaseClass" time="19.227" errors="0" timestamp="2023-04-05T14:12:42 PKT" skipped="0">
  <testcase classname="BaseClass" name="SauceDemo" time="19.227"/>
  <system-out/>
</testsuite> <!-- BaseClass -->
