<?xml version="1.0" encoding="UTF-8"?>
<!-- Generated by org.testng.reporters.JUnitReportReporter -->
<testsuite hostname="nb-sra" failures="0" tests="1" name="BaseClass" time="13.744" errors="0" timestamp="2023-04-12T16:06:50 PKT" skipped="0">
  <testcase classname="BaseClass" name="SauceDemo" time="13.744"/>
  <system-out/>
</testsuite> <!-- BaseClass -->
