<?xml version="1.0" encoding="UTF-8"?>
<!-- Generated by org.testng.reporters.JUnitReportReporter -->
<testsuite hostname="nb-sra" failures="0" tests="1" name="Login" time="5.313" errors="0" timestamp="2023-04-03T16:20:22 PKT" skipped="0">
  <testcase classname="Login" name="loginUser" time="5.313"/>
  <system-out/>
</testsuite> <!-- Login -->
