<?xml version="1.0" encoding="UTF-8"?>
<!-- Generated by org.testng.reporters.JUnitReportReporter -->
<testsuite hostname="nb-sra" failures="0" tests="1" name="BaseClass" time="18.511" errors="0" timestamp="2023-04-08T14:39:07 PKT" skipped="0">
  <testcase classname="BaseClass" name="SauceDemo" time="18.511"/>
  <system-out/>
</testsuite> <!-- BaseClass -->
