<?xml version="1.0" encoding="UTF-8"?>
<!-- Generated by org.testng.reporters.JUnitReportReporter -->
<testsuite hostname="LT-sra" failures="0" tests="1" name="BaseClass" time="18.296" errors="0" timestamp="2023-09-07T17:24:07 PKT" skipped="0">
  <testcase classname="BaseClass" name="SauceDemo" time="18.296"/>
</testsuite> <!-- BaseClass -->
