<?xml version="1.0" encoding="UTF-8"?>
<!-- Generated by org.testng.reporters.JUnitReportReporter -->
<testsuite hostname="nb-sra" failures="0" tests="1" name="BaseClass" time="16.146" errors="0" timestamp="2023-04-12T15:10:20 PKT" skipped="0">
  <testcase classname="BaseClass" name="SauceDemo" time="16.146"/>
  <system-out/>
</testsuite> <!-- BaseClass -->
